| time  |RAM64[|RAM64[1|
| 1     |    0 |     0 |
| 2     |    1 |     0 |
| 3     |    1 |     0 |
| 4     |    1 |     0 |
| 5     |    1 |     0 |
| 6     |    1 |     0 |
| 7     |    1 |     0 |
| 8     |    1 |     0 |
| 9     |    1 |     0 |
| 10    |    1 |     0 |
| 11    |    1 |     0 |
| 12    |    1 |     0 |
| 13    |    1 |     0 |
| 14    |    1 |     1 |
| 15    |    1 |     1 |
| 16    |    2 |     1 |
| 17    |    2 |     1 |
| 18    |    2 |     1 |
| 19    |    2 |     1 |
| 20    |    2 |     1 |
| 21    |    2 |     1 |
| 22    |    2 |     1 |
| 23    |    2 |     1 |
| 24    |    2 |     1 |
| 25    |    2 |     1 |
| 26    |    2 |     1 |
| 27    |    2 |     1 |
| 28    |    2 |     3 |
| 29    |    2 |     3 |
| 30    |    3 |     3 |
| 31    |    3 |     3 |
| 32    |    3 |     3 |
| 33    |    3 |     3 |
| 34    |    3 |     3 |
| 35    |    3 |     3 |
| 36    |    3 |     3 |
| 37    |    3 |     3 |
| 38    |    3 |     3 |
| 39    |    3 |     3 |
| 40    |    3 |     3 |
| 41    |    3 |     3 |
| 42    |    3 |     6 |
| 43    |    3 |     6 |
| 44    |    4 |     6 |
| 45    |    4 |     6 |
| 46    |    4 |     6 |
| 47    |    4 |     6 |
| 48    |    4 |     6 |
| 49    |    4 |     6 |
| 50    |    4 |     6 |
| 51    |    4 |     6 |
| 52    |    4 |     6 |
| 53    |    4 |     6 |
| 54    |    4 |     6 |
| 55    |    4 |     6 |
| 56    |    4 |    10 |
| 57    |    4 |    10 |
| 58    |    5 |    10 |
| 59    |    5 |    10 |
| 60    |    5 |    10 |
| 61    |    5 |    10 |
| 62    |    5 |    10 |
| 63    |    5 |    10 |
| 64    |    5 |    10 |
| 65    |    5 |    10 |
| 66    |    5 |    10 |
| 67    |    5 |    10 |
| 68    |    5 |    10 |
| 69    |    5 |    10 |
| 70    |    5 |    15 |
| 71    |    5 |    15 |
| 72    |    6 |    15 |
| 73    |    6 |    15 |
| 74    |    6 |    15 |
| 75    |    6 |    15 |
| 76    |    6 |    15 |
| 77    |    6 |    15 |
| 78    |    6 |    15 |
| 79    |    6 |    15 |
| 80    |    6 |    15 |
| 81    |    6 |    15 |
| 82    |    6 |    15 |
| 83    |    6 |    15 |
| 84    |    6 |    21 |
| 85    |    6 |    21 |
| 86    |    7 |    21 |
| 87    |    7 |    21 |
| 88    |    7 |    21 |
| 89    |    7 |    21 |
| 90    |    7 |    21 |
| 91    |    7 |    21 |
| 92    |    7 |    21 |
| 93    |    7 |    21 |
| 94    |    7 |    21 |
| 95    |    7 |    21 |
| 96    |    7 |    21 |
| 97    |    7 |    21 |
| 98    |    7 |    28 |
| 99    |    7 |    28 |
| 100   |    8 |    28 |
| 101   |    8 |    28 |
| 102   |    8 |    28 |
| 103   |    8 |    28 |
| 104   |    8 |    28 |
| 105   |    8 |    28 |
| 106   |    8 |    28 |
| 107   |    8 |    28 |
| 108   |    8 |    28 |
| 109   |    8 |    28 |
| 110   |    8 |    28 |
| 111   |    8 |    28 |
| 112   |    8 |    36 |
| 113   |    8 |    36 |
| 114   |    9 |    36 |
| 115   |    9 |    36 |
| 116   |    9 |    36 |
| 117   |    9 |    36 |
| 118   |    9 |    36 |
| 119   |    9 |    36 |
| 120   |    9 |    36 |
| 121   |    9 |    36 |
| 122   |    9 |    36 |
| 123   |    9 |    36 |
| 124   |    9 |    36 |
| 125   |    9 |    36 |
| 126   |    9 |    45 |
| 127   |    9 |    45 |
| 128   |   10 |    45 |
| 129   |   10 |    45 |
| 130   |   10 |    45 |
| 131   |   10 |    45 |
| 132   |   10 |    45 |
| 133   |   10 |    45 |
| 134   |   10 |    45 |
| 135   |   10 |    45 |
| 136   |   10 |    45 |
| 137   |   10 |    45 |
| 138   |   10 |    45 |
| 139   |   10 |    45 |
| 140   |   10 |    55 |
| 141   |   10 |    55 |
| 142   |   11 |    55 |
| 143   |   11 |    55 |
| 144   |   11 |    55 |
| 145   |   11 |    55 |
| 146   |   11 |    55 |
| 147   |   11 |    55 |
| 148   |   11 |    55 |
| 149   |   11 |    55 |
| 150   |   11 |    55 |
| 151   |   11 |    55 |
| 152   |   11 |    55 |
| 153   |   11 |    55 |
| 154   |   11 |    66 |
| 155   |   11 |    66 |
| 156   |   12 |    66 |
| 157   |   12 |    66 |
| 158   |   12 |    66 |
| 159   |   12 |    66 |
| 160   |   12 |    66 |
| 161   |   12 |    66 |
| 162   |   12 |    66 |
| 163   |   12 |    66 |
| 164   |   12 |    66 |
| 165   |   12 |    66 |
| 166   |   12 |    66 |
| 167   |   12 |    66 |
| 168   |   12 |    78 |
| 169   |   12 |    78 |
| 170   |   13 |    78 |
| 171   |   13 |    78 |
| 172   |   13 |    78 |
| 173   |   13 |    78 |
| 174   |   13 |    78 |
| 175   |   13 |    78 |
| 176   |   13 |    78 |
| 177   |   13 |    78 |
| 178   |   13 |    78 |
| 179   |   13 |    78 |
| 180   |   13 |    78 |
| 181   |   13 |    78 |
| 182   |   13 |    91 |
| 183   |   13 |    91 |
| 184   |   14 |    91 |
| 185   |   14 |    91 |
| 186   |   14 |    91 |
| 187   |   14 |    91 |
| 188   |   14 |    91 |
| 189   |   14 |    91 |
| 190   |   14 |    91 |
| 191   |   14 |    91 |
| 192   |   14 |    91 |
| 193   |   14 |    91 |
| 194   |   14 |    91 |
| 195   |   14 |    91 |
| 196   |   14 |   105 |
| 197   |   14 |   105 |
| 198   |   15 |   105 |
| 199   |   15 |   105 |
| 200   |   15 |   105 |
| 201   |   15 |   105 |
| 202   |   15 |   105 |
| 203   |   15 |   105 |
| 204   |   15 |   105 |
| 205   |   15 |   105 |
| 206   |   15 |   105 |
| 207   |   15 |   105 |
| 208   |   15 |   105 |
| 209   |   15 |   105 |
| 210   |   15 |   120 |
| 211   |   15 |   120 |
| 212   |   16 |   120 |
| 213   |   16 |   120 |
| 214   |   16 |   120 |
| 215   |   16 |   120 |
| 216   |   16 |   120 |
| 217   |   16 |   120 |
| 218   |   16 |   120 |
| 219   |   16 |   120 |
| 220   |   16 |   120 |
| 221   |   16 |   120 |
| 222   |   16 |   120 |
| 223   |   16 |   120 |
| 224   |   16 |   136 |
| 225   |   16 |   136 |
| 226   |   17 |   136 |
| 227   |   17 |   136 |
| 228   |   17 |   136 |
| 229   |   17 |   136 |
| 230   |   17 |   136 |
| 231   |   17 |   136 |
| 232   |   17 |   136 |
| 233   |   17 |   136 |
| 234   |   17 |   136 |
| 235   |   17 |   136 |
| 236   |   17 |   136 |
| 237   |   17 |   136 |
| 238   |   17 |   153 |
| 239   |   17 |   153 |
| 240   |   18 |   153 |
| 241   |   18 |   153 |
| 242   |   18 |   153 |
| 243   |   18 |   153 |
| 244   |   18 |   153 |
| 245   |   18 |   153 |
| 246   |   18 |   153 |
| 247   |   18 |   153 |
| 248   |   18 |   153 |
| 249   |   18 |   153 |
| 250   |   18 |   153 |
| 251   |   18 |   153 |
| 252   |   18 |   171 |
| 253   |   18 |   171 |
| 254   |   19 |   171 |
| 255   |   19 |   171 |
| 256   |   19 |   171 |
| 257   |   19 |   171 |
| 258   |   19 |   171 |
| 259   |   19 |   171 |
| 260   |   19 |   171 |
| 261   |   19 |   171 |
| 262   |   19 |   171 |
| 263   |   19 |   171 |
| 264   |   19 |   171 |
| 265   |   19 |   171 |
| 266   |   19 |   190 |
| 267   |   19 |   190 |
| 268   |   20 |   190 |
| 269   |   20 |   190 |
| 270   |   20 |   190 |
| 271   |   20 |   190 |
| 272   |   20 |   190 |
| 273   |   20 |   190 |
| 274   |   20 |   190 |
| 275   |   20 |   190 |
| 276   |   20 |   190 |
| 277   |   20 |   190 |
| 278   |   20 |   190 |
| 279   |   20 |   190 |
| 280   |   20 |   210 |
| 281   |   20 |   210 |
| 282   |   21 |   210 |
| 283   |   21 |   210 |
| 284   |   21 |   210 |
| 285   |   21 |   210 |
| 286   |   21 |   210 |
| 287   |   21 |   210 |
| 288   |   21 |   210 |
| 289   |   21 |   210 |
| 290   |   21 |   210 |
| 291   |   21 |   210 |
| 292   |   21 |   210 |
| 293   |   21 |   210 |
| 294   |   21 |   231 |
| 295   |   21 |   231 |
| 296   |   22 |   231 |
| 297   |   22 |   231 |
| 298   |   22 |   231 |
| 299   |   22 |   231 |
| 300   |   22 |   231 |
| 301   |   22 |   231 |
| 302   |   22 |   231 |
| 303   |   22 |   231 |
| 304   |   22 |   231 |
| 305   |   22 |   231 |
| 306   |   22 |   231 |
| 307   |   22 |   231 |
| 308   |   22 |   253 |
| 309   |   22 |   253 |
| 310   |   23 |   253 |
| 311   |   23 |   253 |
| 312   |   23 |   253 |
| 313   |   23 |   253 |
| 314   |   23 |   253 |
| 315   |   23 |   253 |
| 316   |   23 |   253 |
| 317   |   23 |   253 |
| 318   |   23 |   253 |
| 319   |   23 |   253 |
| 320   |   23 |   253 |
| 321   |   23 |   253 |
| 322   |   23 |   276 |
| 323   |   23 |   276 |
| 324   |   24 |   276 |
| 325   |   24 |   276 |
| 326   |   24 |   276 |
| 327   |   24 |   276 |
| 328   |   24 |   276 |
| 329   |   24 |   276 |
| 330   |   24 |   276 |
| 331   |   24 |   276 |
| 332   |   24 |   276 |
| 333   |   24 |   276 |
| 334   |   24 |   276 |
| 335   |   24 |   276 |
| 336   |   24 |   300 |
| 337   |   24 |   300 |
| 338   |   25 |   300 |
| 339   |   25 |   300 |
| 340   |   25 |   300 |
| 341   |   25 |   300 |
| 342   |   25 |   300 |
| 343   |   25 |   300 |
| 344   |   25 |   300 |
| 345   |   25 |   300 |
| 346   |   25 |   300 |
| 347   |   25 |   300 |
| 348   |   25 |   300 |
| 349   |   25 |   300 |
| 350   |   25 |   325 |
| 351   |   25 |   325 |
| 352   |   26 |   325 |
| 353   |   26 |   325 |
| 354   |   26 |   325 |
| 355   |   26 |   325 |
| 356   |   26 |   325 |
| 357   |   26 |   325 |
| 358   |   26 |   325 |
| 359   |   26 |   325 |
| 360   |   26 |   325 |
| 361   |   26 |   325 |
| 362   |   26 |   325 |
| 363   |   26 |   325 |
| 364   |   26 |   351 |
| 365   |   26 |   351 |
| 366   |   27 |   351 |
| 367   |   27 |   351 |
| 368   |   27 |   351 |
| 369   |   27 |   351 |
| 370   |   27 |   351 |
| 371   |   27 |   351 |
| 372   |   27 |   351 |
| 373   |   27 |   351 |
| 374   |   27 |   351 |
| 375   |   27 |   351 |
| 376   |   27 |   351 |
| 377   |   27 |   351 |
| 378   |   27 |   378 |
| 379   |   27 |   378 |
| 380   |   28 |   378 |
| 381   |   28 |   378 |
| 382   |   28 |   378 |
| 383   |   28 |   378 |
| 384   |   28 |   378 |
| 385   |   28 |   378 |
| 386   |   28 |   378 |
| 387   |   28 |   378 |
| 388   |   28 |   378 |
| 389   |   28 |   378 |
| 390   |   28 |   378 |
| 391   |   28 |   378 |
| 392   |   28 |   406 |
| 393   |   28 |   406 |
| 394   |   29 |   406 |
| 395   |   29 |   406 |
| 396   |   29 |   406 |
| 397   |   29 |   406 |
| 398   |   29 |   406 |
| 399   |   29 |   406 |
| 400   |   29 |   406 |
| 401   |   29 |   406 |
| 402   |   29 |   406 |
| 403   |   29 |   406 |
| 404   |   29 |   406 |
| 405   |   29 |   406 |
| 406   |   29 |   435 |
| 407   |   29 |   435 |
| 408   |   30 |   435 |
| 409   |   30 |   435 |
| 410   |   30 |   435 |
| 411   |   30 |   435 |
| 412   |   30 |   435 |
| 413   |   30 |   435 |
| 414   |   30 |   435 |
| 415   |   30 |   435 |
| 416   |   30 |   435 |
| 417   |   30 |   435 |
| 418   |   30 |   435 |
| 419   |   30 |   435 |
| 420   |   30 |   465 |
| 421   |   30 |   465 |
| 422   |   31 |   465 |
| 423   |   31 |   465 |
| 424   |   31 |   465 |
| 425   |   31 |   465 |
| 426   |   31 |   465 |
| 427   |   31 |   465 |
| 428   |   31 |   465 |
| 429   |   31 |   465 |
| 430   |   31 |   465 |
| 431   |   31 |   465 |
| 432   |   31 |   465 |
| 433   |   31 |   465 |
| 434   |   31 |   496 |
| 435   |   31 |   496 |
| 436   |   32 |   496 |
| 437   |   32 |   496 |
| 438   |   32 |   496 |
| 439   |   32 |   496 |
| 440   |   32 |   496 |
| 441   |   32 |   496 |
| 442   |   32 |   496 |
| 443   |   32 |   496 |
| 444   |   32 |   496 |
| 445   |   32 |   496 |
| 446   |   32 |   496 |
| 447   |   32 |   496 |
| 448   |   32 |   528 |
| 449   |   32 |   528 |
| 450   |   33 |   528 |
| 451   |   33 |   528 |
| 452   |   33 |   528 |
| 453   |   33 |   528 |
| 454   |   33 |   528 |
| 455   |   33 |   528 |
| 456   |   33 |   528 |
| 457   |   33 |   528 |
| 458   |   33 |   528 |
| 459   |   33 |   528 |
| 460   |   33 |   528 |
| 461   |   33 |   528 |
| 462   |   33 |   561 |
| 463   |   33 |   561 |
| 464   |   34 |   561 |
| 465   |   34 |   561 |
| 466   |   34 |   561 |
| 467   |   34 |   561 |
| 468   |   34 |   561 |
| 469   |   34 |   561 |
| 470   |   34 |   561 |
| 471   |   34 |   561 |
| 472   |   34 |   561 |
| 473   |   34 |   561 |
| 474   |   34 |   561 |
| 475   |   34 |   561 |
| 476   |   34 |   595 |
| 477   |   34 |   595 |
| 478   |   35 |   595 |
| 479   |   35 |   595 |
| 480   |   35 |   595 |
| 481   |   35 |   595 |
| 482   |   35 |   595 |
| 483   |   35 |   595 |
| 484   |   35 |   595 |
| 485   |   35 |   595 |
| 486   |   35 |   595 |
| 487   |   35 |   595 |
| 488   |   35 |   595 |
| 489   |   35 |   595 |
| 490   |   35 |   630 |
| 491   |   35 |   630 |
| 492   |   36 |   630 |
| 493   |   36 |   630 |
| 494   |   36 |   630 |
| 495   |   36 |   630 |
| 496   |   36 |   630 |
| 497   |   36 |   630 |
| 498   |   36 |   630 |
| 499   |   36 |   630 |
| 500   |   36 |   630 |
| 501   |   36 |   630 |
| 502   |   36 |   630 |
| 503   |   36 |   630 |
| 504   |   36 |   666 |
| 505   |   36 |   666 |
| 506   |   37 |   666 |
| 507   |   37 |   666 |
| 508   |   37 |   666 |
| 509   |   37 |   666 |
| 510   |   37 |   666 |
| 511   |   37 |   666 |
| 512   |   37 |   666 |
| 513   |   37 |   666 |
| 514   |   37 |   666 |
| 515   |   37 |   666 |
| 516   |   37 |   666 |
| 517   |   37 |   666 |
| 518   |   37 |   703 |
| 519   |   37 |   703 |
| 520   |   38 |   703 |
| 521   |   38 |   703 |
| 522   |   38 |   703 |
| 523   |   38 |   703 |
| 524   |   38 |   703 |
| 525   |   38 |   703 |
| 526   |   38 |   703 |
| 527   |   38 |   703 |
| 528   |   38 |   703 |
| 529   |   38 |   703 |
| 530   |   38 |   703 |
| 531   |   38 |   703 |
| 532   |   38 |   741 |
| 533   |   38 |   741 |
| 534   |   39 |   741 |
| 535   |   39 |   741 |
| 536   |   39 |   741 |
| 537   |   39 |   741 |
| 538   |   39 |   741 |
| 539   |   39 |   741 |
| 540   |   39 |   741 |
| 541   |   39 |   741 |
| 542   |   39 |   741 |
| 543   |   39 |   741 |
| 544   |   39 |   741 |
| 545   |   39 |   741 |
| 546   |   39 |   780 |
| 547   |   39 |   780 |
| 548   |   40 |   780 |
| 549   |   40 |   780 |
| 550   |   40 |   780 |
| 551   |   40 |   780 |
| 552   |   40 |   780 |
| 553   |   40 |   780 |
| 554   |   40 |   780 |
| 555   |   40 |   780 |
| 556   |   40 |   780 |
| 557   |   40 |   780 |
| 558   |   40 |   780 |
| 559   |   40 |   780 |
| 560   |   40 |   820 |
| 561   |   40 |   820 |
| 562   |   41 |   820 |
| 563   |   41 |   820 |
| 564   |   41 |   820 |
| 565   |   41 |   820 |
| 566   |   41 |   820 |
| 567   |   41 |   820 |
| 568   |   41 |   820 |
| 569   |   41 |   820 |
| 570   |   41 |   820 |
| 571   |   41 |   820 |
| 572   |   41 |   820 |
| 573   |   41 |   820 |
| 574   |   41 |   861 |
| 575   |   41 |   861 |
| 576   |   42 |   861 |
| 577   |   42 |   861 |
| 578   |   42 |   861 |
| 579   |   42 |   861 |
| 580   |   42 |   861 |
| 581   |   42 |   861 |
| 582   |   42 |   861 |
| 583   |   42 |   861 |
| 584   |   42 |   861 |
| 585   |   42 |   861 |
| 586   |   42 |   861 |
| 587   |   42 |   861 |
| 588   |   42 |   903 |
| 589   |   42 |   903 |
| 590   |   43 |   903 |
| 591   |   43 |   903 |
| 592   |   43 |   903 |
| 593   |   43 |   903 |
| 594   |   43 |   903 |
| 595   |   43 |   903 |
| 596   |   43 |   903 |
| 597   |   43 |   903 |
| 598   |   43 |   903 |
| 599   |   43 |   903 |
| 600   |   43 |   903 |
| 601   |   43 |   903 |
| 602   |   43 |   946 |
| 603   |   43 |   946 |
| 604   |   44 |   946 |
| 605   |   44 |   946 |
| 606   |   44 |   946 |
| 607   |   44 |   946 |
| 608   |   44 |   946 |
| 609   |   44 |   946 |
| 610   |   44 |   946 |
| 611   |   44 |   946 |
| 612   |   44 |   946 |
| 613   |   44 |   946 |
| 614   |   44 |   946 |
| 615   |   44 |   946 |
| 616   |   44 |   990 |
| 617   |   44 |   990 |
| 618   |   45 |   990 |
| 619   |   45 |   990 |
| 620   |   45 |   990 |
| 621   |   45 |   990 |
| 622   |   45 |   990 |
| 623   |   45 |   990 |
| 624   |   45 |   990 |
| 625   |   45 |   990 |
| 626   |   45 |   990 |
| 627   |   45 |   990 |
| 628   |   45 |   990 |
| 629   |   45 |   990 |
| 630   |   45 |  1035 |
| 631   |   45 |  1035 |
| 632   |   46 |  1035 |
| 633   |   46 |  1035 |
| 634   |   46 |  1035 |
| 635   |   46 |  1035 |
| 636   |   46 |  1035 |
| 637   |   46 |  1035 |
| 638   |   46 |  1035 |
| 639   |   46 |  1035 |
| 640   |   46 |  1035 |
| 641   |   46 |  1035 |
| 642   |   46 |  1035 |
| 643   |   46 |  1035 |
| 644   |   46 |  1081 |
| 645   |   46 |  1081 |
| 646   |   47 |  1081 |
| 647   |   47 |  1081 |
| 648   |   47 |  1081 |
| 649   |   47 |  1081 |
| 650   |   47 |  1081 |
| 651   |   47 |  1081 |
| 652   |   47 |  1081 |
| 653   |   47 |  1081 |
| 654   |   47 |  1081 |
| 655   |   47 |  1081 |
| 656   |   47 |  1081 |
| 657   |   47 |  1081 |
| 658   |   47 |  1128 |
| 659   |   47 |  1128 |
| 660   |   48 |  1128 |
| 661   |   48 |  1128 |
| 662   |   48 |  1128 |
| 663   |   48 |  1128 |
| 664   |   48 |  1128 |
| 665   |   48 |  1128 |
| 666   |   48 |  1128 |
| 667   |   48 |  1128 |
| 668   |   48 |  1128 |
| 669   |   48 |  1128 |
| 670   |   48 |  1128 |
| 671   |   48 |  1128 |
| 672   |   48 |  1176 |
| 673   |   48 |  1176 |
| 674   |   49 |  1176 |
| 675   |   49 |  1176 |
| 676   |   49 |  1176 |
| 677   |   49 |  1176 |
| 678   |   49 |  1176 |
| 679   |   49 |  1176 |
| 680   |   49 |  1176 |
| 681   |   49 |  1176 |
| 682   |   49 |  1176 |
| 683   |   49 |  1176 |
| 684   |   49 |  1176 |
| 685   |   49 |  1176 |
| 686   |   49 |  1225 |
| 687   |   49 |  1225 |
| 688   |   50 |  1225 |
| 689   |   50 |  1225 |
| 690   |   50 |  1225 |
| 691   |   50 |  1225 |
| 692   |   50 |  1225 |
| 693   |   50 |  1225 |
| 694   |   50 |  1225 |
| 695   |   50 |  1225 |
| 696   |   50 |  1225 |
| 697   |   50 |  1225 |
| 698   |   50 |  1225 |
| 699   |   50 |  1225 |
| 700   |   50 |  1275 |
| 701   |   50 |  1275 |
| 702   |   51 |  1275 |
| 703   |   51 |  1275 |
| 704   |   51 |  1275 |
| 705   |   51 |  1275 |
| 706   |   51 |  1275 |
| 707   |   51 |  1275 |
| 708   |   51 |  1275 |
| 709   |   51 |  1275 |
| 710   |   51 |  1275 |
| 711   |   51 |  1275 |
| 712   |   51 |  1275 |
| 713   |   51 |  1275 |
| 714   |   51 |  1326 |
| 715   |   51 |  1326 |
| 716   |   52 |  1326 |
| 717   |   52 |  1326 |
| 718   |   52 |  1326 |
| 719   |   52 |  1326 |
| 720   |   52 |  1326 |
| 721   |   52 |  1326 |
| 722   |   52 |  1326 |
| 723   |   52 |  1326 |
| 724   |   52 |  1326 |
| 725   |   52 |  1326 |
| 726   |   52 |  1326 |
| 727   |   52 |  1326 |
| 728   |   52 |  1378 |
| 729   |   52 |  1378 |
| 730   |   53 |  1378 |
| 731   |   53 |  1378 |
| 732   |   53 |  1378 |
| 733   |   53 |  1378 |
| 734   |   53 |  1378 |
| 735   |   53 |  1378 |
| 736   |   53 |  1378 |
| 737   |   53 |  1378 |
| 738   |   53 |  1378 |
| 739   |   53 |  1378 |
| 740   |   53 |  1378 |
| 741   |   53 |  1378 |
| 742   |   53 |  1431 |
| 743   |   53 |  1431 |
| 744   |   54 |  1431 |
| 745   |   54 |  1431 |
| 746   |   54 |  1431 |
| 747   |   54 |  1431 |
| 748   |   54 |  1431 |
| 749   |   54 |  1431 |
| 750   |   54 |  1431 |
| 751   |   54 |  1431 |
| 752   |   54 |  1431 |
| 753   |   54 |  1431 |
| 754   |   54 |  1431 |
| 755   |   54 |  1431 |
| 756   |   54 |  1485 |
| 757   |   54 |  1485 |
| 758   |   55 |  1485 |
| 759   |   55 |  1485 |
| 760   |   55 |  1485 |
| 761   |   55 |  1485 |
| 762   |   55 |  1485 |
| 763   |   55 |  1485 |
| 764   |   55 |  1485 |
| 765   |   55 |  1485 |
| 766   |   55 |  1485 |
| 767   |   55 |  1485 |
| 768   |   55 |  1485 |
| 769   |   55 |  1485 |
| 770   |   55 |  1540 |
| 771   |   55 |  1540 |
| 772   |   56 |  1540 |
| 773   |   56 |  1540 |
| 774   |   56 |  1540 |
| 775   |   56 |  1540 |
| 776   |   56 |  1540 |
| 777   |   56 |  1540 |
| 778   |   56 |  1540 |
| 779   |   56 |  1540 |
| 780   |   56 |  1540 |
| 781   |   56 |  1540 |
| 782   |   56 |  1540 |
| 783   |   56 |  1540 |
| 784   |   56 |  1596 |
| 785   |   56 |  1596 |
| 786   |   57 |  1596 |
| 787   |   57 |  1596 |
| 788   |   57 |  1596 |
| 789   |   57 |  1596 |
| 790   |   57 |  1596 |
| 791   |   57 |  1596 |
| 792   |   57 |  1596 |
| 793   |   57 |  1596 |
| 794   |   57 |  1596 |
| 795   |   57 |  1596 |
| 796   |   57 |  1596 |
| 797   |   57 |  1596 |
| 798   |   57 |  1653 |
| 799   |   57 |  1653 |
| 800   |   58 |  1653 |
| 801   |   58 |  1653 |
| 802   |   58 |  1653 |
| 803   |   58 |  1653 |
| 804   |   58 |  1653 |
| 805   |   58 |  1653 |
| 806   |   58 |  1653 |
| 807   |   58 |  1653 |
| 808   |   58 |  1653 |
| 809   |   58 |  1653 |
| 810   |   58 |  1653 |
| 811   |   58 |  1653 |
| 812   |   58 |  1711 |
| 813   |   58 |  1711 |
| 814   |   59 |  1711 |
| 815   |   59 |  1711 |
| 816   |   59 |  1711 |
| 817   |   59 |  1711 |
| 818   |   59 |  1711 |
| 819   |   59 |  1711 |
| 820   |   59 |  1711 |
| 821   |   59 |  1711 |
| 822   |   59 |  1711 |
| 823   |   59 |  1711 |
| 824   |   59 |  1711 |
| 825   |   59 |  1711 |
| 826   |   59 |  1770 |
| 827   |   59 |  1770 |
| 828   |   60 |  1770 |
| 829   |   60 |  1770 |
| 830   |   60 |  1770 |
| 831   |   60 |  1770 |
| 832   |   60 |  1770 |
| 833   |   60 |  1770 |
| 834   |   60 |  1770 |
| 835   |   60 |  1770 |
| 836   |   60 |  1770 |
| 837   |   60 |  1770 |
| 838   |   60 |  1770 |
| 839   |   60 |  1770 |
| 840   |   60 |  1830 |
| 841   |   60 |  1830 |
| 842   |   61 |  1830 |
| 843   |   61 |  1830 |
| 844   |   61 |  1830 |
| 845   |   61 |  1830 |
| 846   |   61 |  1830 |
| 847   |   61 |  1830 |
| 848   |   61 |  1830 |
| 849   |   61 |  1830 |
| 850   |   61 |  1830 |
| 851   |   61 |  1830 |
| 852   |   61 |  1830 |
| 853   |   61 |  1830 |
| 854   |   61 |  1891 |
| 855   |   61 |  1891 |
| 856   |   62 |  1891 |
| 857   |   62 |  1891 |
| 858   |   62 |  1891 |
| 859   |   62 |  1891 |
| 860   |   62 |  1891 |
| 861   |   62 |  1891 |
| 862   |   62 |  1891 |
| 863   |   62 |  1891 |
| 864   |   62 |  1891 |
| 865   |   62 |  1891 |
| 866   |   62 |  1891 |
| 867   |   62 |  1891 |
| 868   |   62 |  1953 |
| 869   |   62 |  1953 |
| 870   |   63 |  1953 |
| 871   |   63 |  1953 |
| 872   |   63 |  1953 |
| 873   |   63 |  1953 |
| 874   |   63 |  1953 |
| 875   |   63 |  1953 |
| 876   |   63 |  1953 |
| 877   |   63 |  1953 |
| 878   |   63 |  1953 |
| 879   |   63 |  1953 |
| 880   |   63 |  1953 |
| 881   |   63 |  1953 |
| 882   |   63 |  2016 |
| 883   |   63 |  2016 |
| 884   |   64 |  2016 |
| 885   |   64 |  2016 |
| 886   |   64 |  2016 |
| 887   |   64 |  2016 |
| 888   |   64 |  2016 |
| 889   |   64 |  2016 |
| 890   |   64 |  2016 |
| 891   |   64 |  2016 |
| 892   |   64 |  2016 |
| 893   |   64 |  2016 |
| 894   |   64 |  2016 |
| 895   |   64 |  2016 |
| 896   |   64 |  2080 |
| 897   |   64 |  2080 |
| 898   |   65 |  2080 |
| 899   |   65 |  2080 |
| 900   |   65 |  2080 |
| 901   |   65 |  2080 |
| 902   |   65 |  2080 |
| 903   |   65 |  2080 |
| 904   |   65 |  2080 |
| 905   |   65 |  2080 |
| 906   |   65 |  2080 |
| 907   |   65 |  2080 |
| 908   |   65 |  2080 |
| 909   |   65 |  2080 |
| 910   |   65 |  2145 |
| 911   |   65 |  2145 |
| 912   |   66 |  2145 |
| 913   |   66 |  2145 |
| 914   |   66 |  2145 |
| 915   |   66 |  2145 |
| 916   |   66 |  2145 |
| 917   |   66 |  2145 |
| 918   |   66 |  2145 |
| 919   |   66 |  2145 |
| 920   |   66 |  2145 |
| 921   |   66 |  2145 |
| 922   |   66 |  2145 |
| 923   |   66 |  2145 |
| 924   |   66 |  2211 |
| 925   |   66 |  2211 |
| 926   |   67 |  2211 |
| 927   |   67 |  2211 |
| 928   |   67 |  2211 |
| 929   |   67 |  2211 |
| 930   |   67 |  2211 |
| 931   |   67 |  2211 |
| 932   |   67 |  2211 |
| 933   |   67 |  2211 |
| 934   |   67 |  2211 |
| 935   |   67 |  2211 |
| 936   |   67 |  2211 |
| 937   |   67 |  2211 |
| 938   |   67 |  2278 |
| 939   |   67 |  2278 |
| 940   |   68 |  2278 |
| 941   |   68 |  2278 |
| 942   |   68 |  2278 |
| 943   |   68 |  2278 |
| 944   |   68 |  2278 |
| 945   |   68 |  2278 |
| 946   |   68 |  2278 |
| 947   |   68 |  2278 |
| 948   |   68 |  2278 |
| 949   |   68 |  2278 |
| 950   |   68 |  2278 |
| 951   |   68 |  2278 |
| 952   |   68 |  2346 |
| 953   |   68 |  2346 |
| 954   |   69 |  2346 |
| 955   |   69 |  2346 |
| 956   |   69 |  2346 |
| 957   |   69 |  2346 |
| 958   |   69 |  2346 |
| 959   |   69 |  2346 |
| 960   |   69 |  2346 |
| 961   |   69 |  2346 |
| 962   |   69 |  2346 |
| 963   |   69 |  2346 |
| 964   |   69 |  2346 |
| 965   |   69 |  2346 |
| 966   |   69 |  2415 |
| 967   |   69 |  2415 |
| 968   |   70 |  2415 |
| 969   |   70 |  2415 |
| 970   |   70 |  2415 |
| 971   |   70 |  2415 |
| 972   |   70 |  2415 |
| 973   |   70 |  2415 |
| 974   |   70 |  2415 |
| 975   |   70 |  2415 |
| 976   |   70 |  2415 |
| 977   |   70 |  2415 |
| 978   |   70 |  2415 |
| 979   |   70 |  2415 |
| 980   |   70 |  2485 |
| 981   |   70 |  2485 |
| 982   |   71 |  2485 |
| 983   |   71 |  2485 |
| 984   |   71 |  2485 |
| 985   |   71 |  2485 |
| 986   |   71 |  2485 |
| 987   |   71 |  2485 |
| 988   |   71 |  2485 |
| 989   |   71 |  2485 |
| 990   |   71 |  2485 |
| 991   |   71 |  2485 |
| 992   |   71 |  2485 |
| 993   |   71 |  2485 |
| 994   |   71 |  2556 |
| 995   |   71 |  2556 |
| 996   |   72 |  2556 |
| 997   |   72 |  2556 |
| 998   |   72 |  2556 |
| 999   |   72 |  2556 |
| 1000  |   72 |  2556 |
| 1001  |   72 |  2556 |
| 1002  |   72 |  2556 |
| 1003  |   72 |  2556 |
| 1004  |   72 |  2556 |
| 1005  |   72 |  2556 |
| 1006  |   72 |  2556 |
| 1007  |   72 |  2556 |
| 1008  |   72 |  2628 |
| 1009  |   72 |  2628 |
| 1010  |   73 |  2628 |
| 1011  |   73 |  2628 |
| 1012  |   73 |  2628 |
| 1013  |   73 |  2628 |
| 1014  |   73 |  2628 |
| 1015  |   73 |  2628 |
| 1016  |   73 |  2628 |
| 1017  |   73 |  2628 |
| 1018  |   73 |  2628 |
| 1019  |   73 |  2628 |
| 1020  |   73 |  2628 |
| 1021  |   73 |  2628 |
| 1022  |   73 |  2701 |
| 1023  |   73 |  2701 |
| 1024  |   74 |  2701 |
| 1025  |   74 |  2701 |
| 1026  |   74 |  2701 |
| 1027  |   74 |  2701 |
| 1028  |   74 |  2701 |
| 1029  |   74 |  2701 |
| 1030  |   74 |  2701 |
| 1031  |   74 |  2701 |
| 1032  |   74 |  2701 |
| 1033  |   74 |  2701 |
| 1034  |   74 |  2701 |
| 1035  |   74 |  2701 |
| 1036  |   74 |  2775 |
| 1037  |   74 |  2775 |
| 1038  |   75 |  2775 |
| 1039  |   75 |  2775 |
| 1040  |   75 |  2775 |
| 1041  |   75 |  2775 |
| 1042  |   75 |  2775 |
| 1043  |   75 |  2775 |
| 1044  |   75 |  2775 |
| 1045  |   75 |  2775 |
| 1046  |   75 |  2775 |
| 1047  |   75 |  2775 |
| 1048  |   75 |  2775 |
| 1049  |   75 |  2775 |
| 1050  |   75 |  2850 |
| 1051  |   75 |  2850 |
| 1052  |   76 |  2850 |
| 1053  |   76 |  2850 |
| 1054  |   76 |  2850 |
| 1055  |   76 |  2850 |
| 1056  |   76 |  2850 |
| 1057  |   76 |  2850 |
| 1058  |   76 |  2850 |
| 1059  |   76 |  2850 |
| 1060  |   76 |  2850 |
| 1061  |   76 |  2850 |
| 1062  |   76 |  2850 |
| 1063  |   76 |  2850 |
| 1064  |   76 |  2926 |
| 1065  |   76 |  2926 |
| 1066  |   77 |  2926 |
| 1067  |   77 |  2926 |
| 1068  |   77 |  2926 |
| 1069  |   77 |  2926 |
| 1070  |   77 |  2926 |
| 1071  |   77 |  2926 |
| 1072  |   77 |  2926 |
| 1073  |   77 |  2926 |
| 1074  |   77 |  2926 |
| 1075  |   77 |  2926 |
| 1076  |   77 |  2926 |
| 1077  |   77 |  2926 |
| 1078  |   77 |  3003 |
| 1079  |   77 |  3003 |
| 1080  |   78 |  3003 |
| 1081  |   78 |  3003 |
| 1082  |   78 |  3003 |
| 1083  |   78 |  3003 |
| 1084  |   78 |  3003 |
| 1085  |   78 |  3003 |
| 1086  |   78 |  3003 |
| 1087  |   78 |  3003 |
| 1088  |   78 |  3003 |
| 1089  |   78 |  3003 |
| 1090  |   78 |  3003 |
| 1091  |   78 |  3003 |
| 1092  |   78 |  3081 |
| 1093  |   78 |  3081 |
| 1094  |   79 |  3081 |
| 1095  |   79 |  3081 |
| 1096  |   79 |  3081 |
| 1097  |   79 |  3081 |
| 1098  |   79 |  3081 |
| 1099  |   79 |  3081 |
| 1100  |   79 |  3081 |
| 1101  |   79 |  3081 |
| 1102  |   79 |  3081 |
| 1103  |   79 |  3081 |
| 1104  |   79 |  3081 |
| 1105  |   79 |  3081 |
| 1106  |   79 |  3160 |
| 1107  |   79 |  3160 |
| 1108  |   80 |  3160 |
| 1109  |   80 |  3160 |
| 1110  |   80 |  3160 |
| 1111  |   80 |  3160 |
| 1112  |   80 |  3160 |
| 1113  |   80 |  3160 |
| 1114  |   80 |  3160 |
| 1115  |   80 |  3160 |
| 1116  |   80 |  3160 |
| 1117  |   80 |  3160 |
| 1118  |   80 |  3160 |
| 1119  |   80 |  3160 |
| 1120  |   80 |  3240 |
| 1121  |   80 |  3240 |
| 1122  |   81 |  3240 |
| 1123  |   81 |  3240 |
| 1124  |   81 |  3240 |
| 1125  |   81 |  3240 |
| 1126  |   81 |  3240 |
| 1127  |   81 |  3240 |
| 1128  |   81 |  3240 |
| 1129  |   81 |  3240 |
| 1130  |   81 |  3240 |
| 1131  |   81 |  3240 |
| 1132  |   81 |  3240 |
| 1133  |   81 |  3240 |
| 1134  |   81 |  3321 |
| 1135  |   81 |  3321 |
| 1136  |   82 |  3321 |
| 1137  |   82 |  3321 |
| 1138  |   82 |  3321 |
| 1139  |   82 |  3321 |
| 1140  |   82 |  3321 |
| 1141  |   82 |  3321 |
| 1142  |   82 |  3321 |
| 1143  |   82 |  3321 |
| 1144  |   82 |  3321 |
| 1145  |   82 |  3321 |
| 1146  |   82 |  3321 |
| 1147  |   82 |  3321 |
| 1148  |   82 |  3403 |
| 1149  |   82 |  3403 |
| 1150  |   83 |  3403 |
| 1151  |   83 |  3403 |
| 1152  |   83 |  3403 |
| 1153  |   83 |  3403 |
| 1154  |   83 |  3403 |
| 1155  |   83 |  3403 |
| 1156  |   83 |  3403 |
| 1157  |   83 |  3403 |
| 1158  |   83 |  3403 |
| 1159  |   83 |  3403 |
| 1160  |   83 |  3403 |
| 1161  |   83 |  3403 |
| 1162  |   83 |  3486 |
| 1163  |   83 |  3486 |
| 1164  |   84 |  3486 |
| 1165  |   84 |  3486 |
| 1166  |   84 |  3486 |
| 1167  |   84 |  3486 |
| 1168  |   84 |  3486 |
| 1169  |   84 |  3486 |
| 1170  |   84 |  3486 |
| 1171  |   84 |  3486 |
| 1172  |   84 |  3486 |
| 1173  |   84 |  3486 |
| 1174  |   84 |  3486 |
| 1175  |   84 |  3486 |
| 1176  |   84 |  3570 |
| 1177  |   84 |  3570 |
| 1178  |   85 |  3570 |
| 1179  |   85 |  3570 |
| 1180  |   85 |  3570 |
| 1181  |   85 |  3570 |
| 1182  |   85 |  3570 |
| 1183  |   85 |  3570 |
| 1184  |   85 |  3570 |
| 1185  |   85 |  3570 |
| 1186  |   85 |  3570 |
| 1187  |   85 |  3570 |
| 1188  |   85 |  3570 |
| 1189  |   85 |  3570 |
| 1190  |   85 |  3655 |
| 1191  |   85 |  3655 |
| 1192  |   86 |  3655 |
| 1193  |   86 |  3655 |
| 1194  |   86 |  3655 |
| 1195  |   86 |  3655 |
| 1196  |   86 |  3655 |
| 1197  |   86 |  3655 |
| 1198  |   86 |  3655 |
| 1199  |   86 |  3655 |
| 1200  |   86 |  3655 |
| 1201  |   86 |  3655 |
| 1202  |   86 |  3655 |
| 1203  |   86 |  3655 |
| 1204  |   86 |  3741 |
| 1205  |   86 |  3741 |
| 1206  |   87 |  3741 |
| 1207  |   87 |  3741 |
| 1208  |   87 |  3741 |
| 1209  |   87 |  3741 |
| 1210  |   87 |  3741 |
| 1211  |   87 |  3741 |
| 1212  |   87 |  3741 |
| 1213  |   87 |  3741 |
| 1214  |   87 |  3741 |
| 1215  |   87 |  3741 |
| 1216  |   87 |  3741 |
| 1217  |   87 |  3741 |
| 1218  |   87 |  3828 |
| 1219  |   87 |  3828 |
| 1220  |   88 |  3828 |
| 1221  |   88 |  3828 |
| 1222  |   88 |  3828 |
| 1223  |   88 |  3828 |
| 1224  |   88 |  3828 |
| 1225  |   88 |  3828 |
| 1226  |   88 |  3828 |
| 1227  |   88 |  3828 |
| 1228  |   88 |  3828 |
| 1229  |   88 |  3828 |
| 1230  |   88 |  3828 |
| 1231  |   88 |  3828 |
| 1232  |   88 |  3916 |
| 1233  |   88 |  3916 |
| 1234  |   89 |  3916 |
| 1235  |   89 |  3916 |
| 1236  |   89 |  3916 |
| 1237  |   89 |  3916 |
| 1238  |   89 |  3916 |
| 1239  |   89 |  3916 |
| 1240  |   89 |  3916 |
| 1241  |   89 |  3916 |
| 1242  |   89 |  3916 |
| 1243  |   89 |  3916 |
| 1244  |   89 |  3916 |
| 1245  |   89 |  3916 |
| 1246  |   89 |  4005 |
| 1247  |   89 |  4005 |
| 1248  |   90 |  4005 |
| 1249  |   90 |  4005 |
| 1250  |   90 |  4005 |
| 1251  |   90 |  4005 |
| 1252  |   90 |  4005 |
| 1253  |   90 |  4005 |
| 1254  |   90 |  4005 |
| 1255  |   90 |  4005 |
| 1256  |   90 |  4005 |
| 1257  |   90 |  4005 |
| 1258  |   90 |  4005 |
| 1259  |   90 |  4005 |
| 1260  |   90 |  4095 |
| 1261  |   90 |  4095 |
| 1262  |   91 |  4095 |
| 1263  |   91 |  4095 |
| 1264  |   91 |  4095 |
| 1265  |   91 |  4095 |
| 1266  |   91 |  4095 |
| 1267  |   91 |  4095 |
| 1268  |   91 |  4095 |
| 1269  |   91 |  4095 |
| 1270  |   91 |  4095 |
| 1271  |   91 |  4095 |
| 1272  |   91 |  4095 |
| 1273  |   91 |  4095 |
| 1274  |   91 |  4186 |
| 1275  |   91 |  4186 |
| 1276  |   92 |  4186 |
| 1277  |   92 |  4186 |
| 1278  |   92 |  4186 |
| 1279  |   92 |  4186 |
| 1280  |   92 |  4186 |
| 1281  |   92 |  4186 |
| 1282  |   92 |  4186 |
| 1283  |   92 |  4186 |
| 1284  |   92 |  4186 |
| 1285  |   92 |  4186 |
| 1286  |   92 |  4186 |
| 1287  |   92 |  4186 |
| 1288  |   92 |  4278 |
| 1289  |   92 |  4278 |
| 1290  |   93 |  4278 |
| 1291  |   93 |  4278 |
| 1292  |   93 |  4278 |
| 1293  |   93 |  4278 |
| 1294  |   93 |  4278 |
| 1295  |   93 |  4278 |
| 1296  |   93 |  4278 |
| 1297  |   93 |  4278 |
| 1298  |   93 |  4278 |
| 1299  |   93 |  4278 |
| 1300  |   93 |  4278 |
| 1301  |   93 |  4278 |
| 1302  |   93 |  4371 |
| 1303  |   93 |  4371 |
| 1304  |   94 |  4371 |
| 1305  |   94 |  4371 |
| 1306  |   94 |  4371 |
| 1307  |   94 |  4371 |
| 1308  |   94 |  4371 |
| 1309  |   94 |  4371 |
| 1310  |   94 |  4371 |
| 1311  |   94 |  4371 |
| 1312  |   94 |  4371 |
| 1313  |   94 |  4371 |
| 1314  |   94 |  4371 |
| 1315  |   94 |  4371 |
| 1316  |   94 |  4465 |
| 1317  |   94 |  4465 |
| 1318  |   95 |  4465 |
| 1319  |   95 |  4465 |
| 1320  |   95 |  4465 |
| 1321  |   95 |  4465 |
| 1322  |   95 |  4465 |
| 1323  |   95 |  4465 |
| 1324  |   95 |  4465 |
| 1325  |   95 |  4465 |
| 1326  |   95 |  4465 |
| 1327  |   95 |  4465 |
| 1328  |   95 |  4465 |
| 1329  |   95 |  4465 |
| 1330  |   95 |  4560 |
| 1331  |   95 |  4560 |
| 1332  |   96 |  4560 |
| 1333  |   96 |  4560 |
| 1334  |   96 |  4560 |
| 1335  |   96 |  4560 |
| 1336  |   96 |  4560 |
| 1337  |   96 |  4560 |
| 1338  |   96 |  4560 |
| 1339  |   96 |  4560 |
| 1340  |   96 |  4560 |
| 1341  |   96 |  4560 |
| 1342  |   96 |  4560 |
| 1343  |   96 |  4560 |
| 1344  |   96 |  4656 |
| 1345  |   96 |  4656 |
| 1346  |   97 |  4656 |
| 1347  |   97 |  4656 |
| 1348  |   97 |  4656 |
| 1349  |   97 |  4656 |
| 1350  |   97 |  4656 |
| 1351  |   97 |  4656 |
| 1352  |   97 |  4656 |
| 1353  |   97 |  4656 |
| 1354  |   97 |  4656 |
| 1355  |   97 |  4656 |
| 1356  |   97 |  4656 |
| 1357  |   97 |  4656 |
| 1358  |   97 |  4753 |
| 1359  |   97 |  4753 |
| 1360  |   98 |  4753 |
| 1361  |   98 |  4753 |
| 1362  |   98 |  4753 |
| 1363  |   98 |  4753 |
| 1364  |   98 |  4753 |
| 1365  |   98 |  4753 |
| 1366  |   98 |  4753 |
| 1367  |   98 |  4753 |
| 1368  |   98 |  4753 |
| 1369  |   98 |  4753 |
| 1370  |   98 |  4753 |
| 1371  |   98 |  4753 |
| 1372  |   98 |  4851 |
| 1373  |   98 |  4851 |
| 1374  |   99 |  4851 |
| 1375  |   99 |  4851 |
| 1376  |   99 |  4851 |
| 1377  |   99 |  4851 |
| 1378  |   99 |  4851 |
| 1379  |   99 |  4851 |
| 1380  |   99 |  4851 |
| 1381  |   99 |  4851 |
| 1382  |   99 |  4851 |
| 1383  |   99 |  4851 |
| 1384  |   99 |  4851 |
| 1385  |   99 |  4851 |
| 1386  |   99 |  4950 |
| 1387  |   99 |  4950 |
| 1388  |  100 |  4950 |
| 1389  |  100 |  4950 |
| 1390  |  100 |  4950 |
| 1391  |  100 |  4950 |
| 1392  |  100 |  4950 |
| 1393  |  100 |  4950 |
| 1394  |  100 |  4950 |
| 1395  |  100 |  4950 |
| 1396  |  100 |  4950 |
